<?xml version="1.0" encoding="UTF-8"?>
<!-- Generated by org.testng.reporters.JUnitReportReporter -->
<testsuite ignored="0" hostname="EG-SHIAMAAM" failures="0" tests="2" name="automationByMaven.FirstTestingFile" time="12.301" errors="0" timestamp="14 Jun 2020 16:33:35 GMT" skipped="0">
  <testcase classname="automationByMaven.FirstTestingFile" name="support" time="7.139"/>
  <testcase classname="automationByMaven.FirstTestingFile" name="register" time="5.162"/>
</testsuite> <!-- automationByMaven.FirstTestingFile -->
