<?xml version="1.0" encoding="UTF-8"?>
<!-- Generated by org.testng.reporters.JUnitReportReporter -->
<testsuite hostname="EG-SHIAMAAM" failures="0" tests="2" name="newpackage.firsttestngfile" time="9.118" errors="0" timestamp="2020-06-14T15:47:52 EET" skipped="0">
  <testcase classname="newpackage.firsttestngfile" name="register" time="5.304"/>
  <system-out/>
  <testcase classname="newpackage.firsttestngfile" name="support" time="3.814"/>
  <system-out/>
</testsuite> <!-- newpackage.firsttestngfile -->
